This file contains any messages produced by compilers while
running configure, to aid debugging if configure makes a mistake.

It was created by configure, which was
generated by GNU Autoconf 2.57.  Invocation command line was

  $ ./configure --prefix=/home/jos/test

## --------- ##
## Platform. ##
## --------- ##

hostname = antergospc
uname -m = x86_64
uname -r = 4.20.7-arch1-1-ARCH
uname -s = Linux
uname -v = #1 SMP PREEMPT Wed Feb 6 18:42:40 UTC 2019

/usr/bin/uname -p = unknown
/bin/uname -X     = unknown

/bin/arch              = unknown
/usr/bin/arch -k       = unknown
/usr/convex/getsysinfo = unknown
hostinfo               = unknown
/bin/machine           = unknown
/usr/bin/oslevel       = unknown
/bin/universe          = unknown

PATH: /usr/local/bin
PATH: /usr/bin
PATH: /bin
PATH: /usr/local/sbin
PATH: /usr/lib/jvm/default/bin
PATH: /usr/bin/site_perl
PATH: /usr/bin/vendor_perl
PATH: /usr/bin/core_perl


## ----------- ##
## Core tests. ##
## ----------- ##

configure:1498: checking for a BSD-compatible install
configure:1552: result: /usr/bin/install -c
configure:1563: checking whether build environment is sane
configure:1606: result: yes
configure:1639: checking for gawk
configure:1655: found /usr/bin/gawk
configure:1665: result: gawk
configure:1675: checking whether make sets $(MAKE)
configure:1695: result: yes
configure:1963: checking type prefix for installed files
configure:1974: result: (none)
configure:2061: checking for vendor's cc to be used instead of gcc
configure:2065: checking for cc
configure:2081: found /usr/bin/cc
configure:2091: result: cc
configure:2415: checking for C compiler version
configure:2418: cc --version </dev/null >&5
cc (GCC) 8.2.1 20181127
Copyright (C) 2018 Free Software Foundation, Inc.
This is free software; see the source for copying conditions.  There is NO
warranty; not even for MERCHANTABILITY or FITNESS FOR A PARTICULAR PURPOSE.

configure:2421: $? = 0
configure:2423: cc -v </dev/null >&5
Using built-in specs.
COLLECT_GCC=cc
COLLECT_LTO_WRAPPER=/usr/lib/gcc/x86_64-pc-linux-gnu/8.2.1/lto-wrapper
Target: x86_64-pc-linux-gnu
Configured with: /build/gcc/src/gcc/configure --prefix=/usr --libdir=/usr/lib --libexecdir=/usr/lib --mandir=/usr/share/man --infodir=/usr/share/info --with-bugurl=https://bugs.archlinux.org/ --enable-languages=c,c++,ada,fortran,go,lto,objc,obj-c++ --enable-shared --enable-threads=posix --enable-libmpx --with-system-zlib --with-isl --enable-__cxa_atexit --disable-libunwind-exceptions --enable-clocale=gnu --disable-libstdcxx-pch --disable-libssp --enable-gnu-unique-object --enable-linker-build-id --enable-lto --enable-plugin --enable-install-libiberty --with-linker-hash-style=gnu --enable-gnu-indirect-function --enable-multilib --disable-werror --enable-checking=release --enable-default-pie --enable-default-ssp --enable-cet=auto
Thread model: posix
gcc version 8.2.1 20181127 (GCC) 
configure:2426: $? = 0
configure:2428: cc -V </dev/null >&5
cc: error: unrecognized command line option '-V'
cc: fatal error: no input files
compilation terminated.
configure:2431: $? = 1
configure:2455: checking for C compiler default output
configure:2458: cc    conftest.c  >&5
configure:2461: $? = 0
configure:2507: result: a.out
configure:2512: checking whether the C compiler works
configure:2518: ./a.out
configure:2521: $? = 0
configure:2538: result: yes
configure:2545: checking whether we are cross compiling
configure:2547: result: no
configure:2550: checking for suffix of executables
configure:2552: cc -o conftest    conftest.c  >&5
configure:2555: $? = 0
configure:2580: result: 
configure:2586: checking for suffix of object files
configure:2608: cc -c   conftest.c >&5
configure:2611: $? = 0
configure:2633: result: o
configure:2637: checking whether we are using the GNU C compiler
configure:2662: cc -c   conftest.c >&5
configure:2665: $? = 0
configure:2668: test -s conftest.o
configure:2671: $? = 0
configure:2684: result: yes
configure:2690: checking whether cc accepts -g
configure:2712: cc -c -g  conftest.c >&5
configure:2715: $? = 0
configure:2718: test -s conftest.o
configure:2721: $? = 0
configure:2732: result: yes
configure:2749: checking for cc option to accept ANSI C
configure:2810: cc  -c -g -O2  conftest.c >&5
configure:2813: $? = 0
configure:2816: test -s conftest.o
configure:2819: $? = 0
configure:2837: result: none needed
configure:2855: cc -c -g -O2  conftest.c >&5
conftest.c:2:3: error: unknown type name 'choke'
   choke me
   ^~~~~
conftest.c:2:3: error: expected '=', ',', ';', 'asm' or '__attribute__' at end of input
configure:2858: $? = 1
configure: failed program was:
| #ifndef __cplusplus
|   choke me
| #endif
configure:2977: checking for style of include used by make
configure:3005: result: GNU
configure:3033: checking dependency style of cc
configure:3101: result: gcc3
configure:3120: checking whether we are using gcc 2.90 or later
configure:3134: cc -E conftest.c
configure:3137: $? = 0
configure:3145: result: yes
configure:3167: checking for a BSD-compatible install
configure:3221: result: /usr/bin/install -c
configure:3232: checking whether make sets $(MAKE)
configure:3252: result: yes
configure:3302: checking for ranlib
configure:3318: found /usr/bin/ranlib
configure:3329: result: ranlib
configure:3341: checking whether ln -s works
configure:3345: result: yes
configure:3402: checking build system type
configure:3420: result: x86_64-unknown-linux-gnu
configure:3428: checking host system type
configure:3442: result: x86_64-unknown-linux-gnu
configure:3472: checking for ld used by GCC
configure:3535: result: /usr/bin/ld
configure:3544: checking if the linker (/usr/bin/ld) is GNU ld
GNU ld (GNU Binutils) 2.31.1
configure:3556: result: yes
configure:3561: checking for /usr/bin/ld option to reload object files
configure:3568: result: -r
configure:3573: checking for BSD-compatible nm
configure:3609: result: /usr/bin/nm -B
configure:3612: checking for a sed that does not truncate output
configure:3694: result: /usr/bin/sed
configure:3697: checking how to recognise dependent libraries
configure:3878: result: file_magic ELF [0-9][0-9]*-bit [LM]SB (shared object|dynamic lib )
configure:3891: checking command to parse /usr/bin/nm -B output
configure:3975: cc -c -g -O2  conftest.c >&5
configure:3978: $? = 0
configure:3982: /usr/bin/nm -B conftest.o \| sed -n -e 's/^.*[ 	]\([ABCDGISTW][ABCDGISTW]*\)[ 	][ 	]*\(\)\([_A-Za-z][_A-Za-z0-9]*\)$/\1 \2\3 \3/p' \> conftest.nm
configure:3985: $? = 0
configure:4037: cc -o conftest -g -O2   conftest.c conftstm.o >&5
configure:4040: $? = 0
configure:4084: result: ok
configure:4093: checking how to run the C preprocessor
configure:4129: cc -E  conftest.c
configure:4135: $? = 0
configure:4167: cc -E  conftest.c
configure:4168:10: fatal error: ac_nonexistent.h: No such file or directory
 _ACEOF
          ^                 
compilation terminated.
configure:4173: $? = 1
configure: failed program was:
| #line 4158 "configure"
| /* confdefs.h.  */
| 
| #define PACKAGE_NAME ""
| #define PACKAGE_TARNAME ""
| #define PACKAGE_VERSION ""
| #define PACKAGE_STRING ""
| #define PACKAGE_BUGREPORT ""
| #define PACKAGE "fftw"
| #define VERSION "2.1.5"
| /* end confdefs.h.  */
| #include <ac_nonexistent.h>
configure:4211: result: cc -E
configure:4236: cc -E  conftest.c
configure:4242: $? = 0
configure:4274: cc -E  conftest.c
configure:4275:10: fatal error: ac_nonexistent.h: No such file or directory
 _ACEOF
          ^                 
compilation terminated.
configure:4280: $? = 1
configure: failed program was:
| #line 4265 "configure"
| /* confdefs.h.  */
| 
| #define PACKAGE_NAME ""
| #define PACKAGE_TARNAME ""
| #define PACKAGE_VERSION ""
| #define PACKAGE_STRING ""
| #define PACKAGE_BUGREPORT ""
| #define PACKAGE "fftw"
| #define VERSION "2.1.5"
| /* end confdefs.h.  */
| #include <ac_nonexistent.h>
configure:4323: checking for egrep
configure:4333: result: grep -E
configure:4338: checking for ANSI C header files
configure:4364: cc -c -g -O2  conftest.c >&5
configure:4367: $? = 0
configure:4370: test -s conftest.o
configure:4373: $? = 0
configure:4465: cc -o conftest -g -O2   conftest.c  >&5
configure: In function 'main':
configure:4460:7: warning: implicit declaration of function 'exit' [-Wimplicit-function-declaration]
     if (XOR (islower (i), ISLOWER (i))
       ^~~~
configure:4460:7: warning: incompatible implicit declaration of built-in function 'exit'
configure:4460:7: note: include '<stdlib.h>' or provide a declaration of 'exit'
configure:4444:1:
+#include <stdlib.h>
 # define ISLOWER(c) ('a' <= (c) && (c) <= 'z')
configure:4460:7:
     if (XOR (islower (i), ISLOWER (i))
       ^~~~
configure:4461:3: warning: incompatible implicit declaration of built-in function 'exit'
         || toupper (i) != TOUPPER (i))
   ^   
configure:4461:3: note: include '<stdlib.h>' or provide a declaration of 'exit'
configure:4468: $? = 0
configure:4470: ./conftest
configure:4473: $? = 0
configure:4488: result: yes
configure:4512: checking for sys/types.h
configure:4529: cc -c -g -O2  conftest.c >&5
configure:4532: $? = 0
configure:4535: test -s conftest.o
configure:4538: $? = 0
configure:4549: result: yes
configure:4512: checking for sys/stat.h
configure:4529: cc -c -g -O2  conftest.c >&5
configure:4532: $? = 0
configure:4535: test -s conftest.o
configure:4538: $? = 0
configure:4549: result: yes
configure:4512: checking for stdlib.h
configure:4529: cc -c -g -O2  conftest.c >&5
configure:4532: $? = 0
configure:4535: test -s conftest.o
configure:4538: $? = 0
configure:4549: result: yes
configure:4512: checking for string.h
configure:4529: cc -c -g -O2  conftest.c >&5
configure:4532: $? = 0
configure:4535: test -s conftest.o
configure:4538: $? = 0
configure:4549: result: yes
configure:4512: checking for memory.h
configure:4529: cc -c -g -O2  conftest.c >&5
configure:4532: $? = 0
configure:4535: test -s conftest.o
configure:4538: $? = 0
configure:4549: result: yes
configure:4512: checking for strings.h
configure:4529: cc -c -g -O2  conftest.c >&5
configure:4532: $? = 0
configure:4535: test -s conftest.o
configure:4538: $? = 0
configure:4549: result: yes
configure:4512: checking for inttypes.h
configure:4529: cc -c -g -O2  conftest.c >&5
configure:4532: $? = 0
configure:4535: test -s conftest.o
configure:4538: $? = 0
configure:4549: result: yes
configure:4512: checking for stdint.h
configure:4529: cc -c -g -O2  conftest.c >&5
configure:4532: $? = 0
configure:4535: test -s conftest.o
configure:4538: $? = 0
configure:4549: result: yes
configure:4512: checking for unistd.h
configure:4529: cc -c -g -O2  conftest.c >&5
configure:4532: $? = 0
configure:4535: test -s conftest.o
configure:4538: $? = 0
configure:4549: result: yes
configure:4575: checking dlfcn.h usability
configure:4588: cc -c -g -O2  conftest.c >&5
configure:4591: $? = 0
configure:4594: test -s conftest.o
configure:4597: $? = 0
configure:4607: result: yes
configure:4611: checking dlfcn.h presence
configure:4622: cc -E  conftest.c
configure:4628: $? = 0
configure:4647: result: yes
configure:4683: checking for dlfcn.h
configure:4690: result: yes
configure:4712: checking for file
configure:4767: result: /usr/bin/file
configure:4888: checking for ranlib
configure:4915: result: ranlib
configure:4968: checking for strip
configure:4984: found /usr/bin/strip
configure:4995: result: strip
configure:5205: checking for objdir
configure:5216: result: .libs
configure:5233: checking for cc option to produce PIC
configure:5379: result: -fPIC
configure:5383: checking if cc PIC flag -fPIC works
configure:5407: cc -c -g -O2 -fPIC -DPIC  conftest.c >&5
configure:5410: $? = 0
configure:5413: test -s conftest.o
configure:5416: $? = 0
configure:5454: result: yes
configure:5470: checking if cc static flag -static works
configure:5495: cc -o conftest -g -O2   -static conftest.c  >&5
configure:5498: $? = 0
configure:5501: test -s conftest
configure:5504: $? = 0
configure:5520: result: yes
configure:5532: checking if cc supports -c -o file.o
configure:5554: cc -c -g -O2 -o out/conftest2.o  conftest.c >&5
configure:5576: result: yes
configure:5581: checking if cc supports -c -o file.lo
configure:5609: cc -c -g -O2 -c -o conftest.lo  conftest.c >&5
configure:5612: $? = 0
configure:5615: test -s conftest.lo
configure:5618: $? = 0
configure:5640: result: yes
configure:5671: checking if cc supports -fno-rtti -fno-exceptions
configure:5694: cc -c -g -O2 -fno-rtti -fno-exceptions -c conftest.c  conftest.c >&5
cc1: warning: command line option '-fno-rtti' is valid for C++/ObjC++ but not for C
cc1: warning: command line option '-fno-rtti' is valid for C++/ObjC++ but not for C
configure:5697: $? = 0
configure:5700: test -s conftest.o
configure:5703: $? = 0
configure:5720: result: yes
configure:5731: checking whether the linker (/usr/bin/ld) supports shared libraries
configure:6426: result: yes
configure:6431: checking how to hardcode library paths into programs
configure:6455: result: immediate
configure:6460: checking whether stripping libraries is possible
configure:6465: result: yes
configure:6476: checking dynamic linker characteristics
configure:6883: result: GNU/Linux ld.so
configure:6888: checking if libtool supports shared libraries
configure:6890: result: yes
configure:6893: checking whether to build shared libraries
configure:6914: result: no
configure:6917: checking whether to build static libraries
configure:6921: result: yes
configure:8227: checking for perl
configure:8243: found /usr/bin/perl
configure:8254: result: perl
configure:8316: checking for g77
configure:8345: result: no
configure:8316: checking for f77
configure:8345: result: no
configure:8316: checking for xlf
configure:8345: result: no
configure:8316: checking for frt
configure:8345: result: no
configure:8316: checking for pgf77
configure:8345: result: no
configure:8316: checking for fl32
configure:8345: result: no
configure:8316: checking for af77
configure:8345: result: no
configure:8316: checking for fort77
configure:8345: result: no
configure:8316: checking for f90
configure:8345: result: no
configure:8316: checking for xlf90
configure:8345: result: no
configure:8316: checking for pgf90
configure:8345: result: no
configure:8316: checking for epcf90
configure:8345: result: no
configure:8316: checking for f95
configure:8345: result: no
configure:8316: checking for fort
configure:8345: result: no
configure:8316: checking for xlf95
configure:8345: result: no
configure:8316: checking for lf95
configure:8345: result: no
configure:8316: checking for g95
configure:8345: result: no
configure:8359: checking for Fortran 77 compiler version
configure:8360:  --version </dev/null >&5
./configure: line 8361: --version: command not found
configure:8363: $? = 127
configure:8365:  -v </dev/null >&5
./configure: line 8366: -v: command not found
configure:8368: $? = 127
configure:8370:  -V </dev/null >&5
./configure: line 8371: -V: command not found
configure:8373: $? = 127
configure:8380: checking whether we are using the GNU Fortran 77 compiler
configure:8394:  -c  conftest.F >&5
./configure: line 8395: -c: command not found
configure:8397: $? = 127
configure: failed program was:
|       program main
| #ifndef __GNUC__
|        choke me
| #endif
| 
|       end
configure:8416: result: no
configure:8423: checking whether  accepts -g
configure:8435:  -c -g conftest.f >&5
./configure: line 8436: -c: command not found
configure:8438: $? = 127
configure: failed program was:
|       program main
| 
|       end
configure:8456: result: no
configure:8481: WARNING: *** Couldn't find f77 compiler; switching to --disable-fortran.
configure:8489: checking how to get verbose linking output from 
configure:8501:  -c  conftest.f >&5
./configure: line 8502: -c: command not found
configure:8504: $? = 127
configure: failed program was:
|       program main
| 
|       end
configure:8578: WARNING: compilation failed
configure:8584: result: 
configure:8586: checking for Fortran 77 libraries
configure:8614:  -o conftest    conftest.f  >&5
./configure: line 8613: -o: command not found
configure:8770: result: 
configure:8781: checking for dummy main to link with Fortran 77 libraries
configure:8818: cc -o conftest -g -O2   conftest.c   >&5
configure:8821: $? = 0
configure:8824: test -s conftest
configure:8827: $? = 0
configure:8892: result: none
configure:9002: checking whether cc accepts -malign-double
configure:9016: result: yes
configure:9029: checking whether cc accepts -fstrict-aliasing
configure:9043: result: yes
configure:9440: checking whether cc accepts -O3 -fomit-frame-pointer -fno-schedule-insns -fschedule-insns2 -malign-double -fstrict-aliasing
configure:9454: result: yes
configure:9483: checking whether cc accepts -mpreferred-stack-boundary=4
configure:9497: result: yes
configure:9508: checking whether the stack is correctly aligned by gcc
configure:9534: cc -o conftest -O -malign-double   conftest.c  >&5
configure:9537: $? = 0
configure:9539: ./conftest
configure:9542: $? = 0
configure:9556: result: yes
configure:9617: checking for sqrt in -lm
configure:9654: cc -o conftest -O3 -fomit-frame-pointer -fno-schedule-insns -fschedule-insns2 -malign-double -fstrict-aliasing   conftest.c -lm   >&5
configure:9654:6: warning: conflicting types for built-in function 'sqrt' [-Wbuiltin-declaration-mismatch]
  :
      ^   
configure:9657: $? = 0
configure:9660: test -s conftest
configure:9663: $? = 0
configure:9675: result: yes
configure:9687: checking for ANSI C header files
configure:9843: result: yes
configure:9870: checking sys/time.h usability
configure:9883: cc -c -O3 -fomit-frame-pointer -fno-schedule-insns -fschedule-insns2 -malign-double -fstrict-aliasing  conftest.c >&5
configure:9886: $? = 0
configure:9889: test -s conftest.o
configure:9892: $? = 0
configure:9902: result: yes
configure:9906: checking sys/time.h presence
configure:9917: cc -E  conftest.c
configure:9923: $? = 0
configure:9942: result: yes
configure:9978: checking for sys/time.h
configure:9985: result: yes
configure:9861: checking for unistd.h
configure:9866: result: yes
configure:9870: checking getopt.h usability
configure:9883: cc -c -O3 -fomit-frame-pointer -fno-schedule-insns -fschedule-insns2 -malign-double -fstrict-aliasing  conftest.c >&5
configure:9886: $? = 0
configure:9889: test -s conftest.o
configure:9892: $? = 0
configure:9902: result: yes
configure:9906: checking getopt.h presence
configure:9917: cc -E  conftest.c
configure:9923: $? = 0
configure:9942: result: yes
configure:9978: checking for getopt.h
configure:9985: result: yes
configure:9870: checking malloc.h usability
configure:9883: cc -c -O3 -fomit-frame-pointer -fno-schedule-insns -fschedule-insns2 -malign-double -fstrict-aliasing  conftest.c >&5
configure:9886: $? = 0
configure:9889: test -s conftest.o
configure:9892: $? = 0
configure:9902: result: yes
configure:9906: checking malloc.h presence
configure:9917: cc -E  conftest.c
configure:9923: $? = 0
configure:9942: result: yes
configure:9978: checking for malloc.h
configure:9985: result: yes
configure:9999: checking for an ANSI C-conforming const
configure:10073: cc -c -O3 -fomit-frame-pointer -fno-schedule-insns -fschedule-insns2 -malign-double -fstrict-aliasing  conftest.c >&5
configure:10076: $? = 0
configure:10079: test -s conftest.o
configure:10082: $? = 0
configure:10093: result: yes
configure:10103: checking for size_t
configure:10134: cc -c -O3 -fomit-frame-pointer -fno-schedule-insns -fschedule-insns2 -malign-double -fstrict-aliasing  conftest.c >&5
configure:10137: $? = 0
configure:10140: test -s conftest.o
configure:10143: $? = 0
configure:10154: result: yes
configure:10166: checking whether time.h and sys/time.h may both be included
configure:10198: cc -c -O3 -fomit-frame-pointer -fno-schedule-insns -fschedule-insns2 -malign-double -fstrict-aliasing  conftest.c >&5
configure:10201: $? = 0
configure:10204: test -s conftest.o
configure:10207: $? = 0
configure:10218: result: yes
configure:10245: checking for working alloca.h
configure:10273: cc -o conftest -O3 -fomit-frame-pointer -fno-schedule-insns -fschedule-insns2 -malign-double -fstrict-aliasing   conftest.c -lm  >&5
configure:10276: $? = 0
configure:10279: test -s conftest
configure:10282: $? = 0
configure:10293: result: yes
configure:10303: checking for alloca
configure:10351: cc -o conftest -O3 -fomit-frame-pointer -fno-schedule-insns -fschedule-insns2 -malign-double -fstrict-aliasing   conftest.c -lm  >&5
configure:10354: $? = 0
configure:10357: test -s conftest
configure:10360: $? = 0
configure:10371: result: yes
configure:10596: checking for gettimeofday
configure:10660: cc -o conftest -O3 -fomit-frame-pointer -fno-schedule-insns -fschedule-insns2 -malign-double -fstrict-aliasing   conftest.c -lm  >&5
configure:10663: $? = 0
configure:10666: test -s conftest
configure:10669: $? = 0
configure:10680: result: yes
configure:10694: checking for BSDgettimeofday
configure:10758: cc -o conftest -O3 -fomit-frame-pointer -fno-schedule-insns -fschedule-insns2 -malign-double -fstrict-aliasing   conftest.c -lm  >&5
/usr/bin/ld: /tmp/ccGIzHNJ.o: in function `main':
conftest.c:(.text.startup+0x3): undefined reference to `BSDgettimeofday'
/usr/bin/ld: /tmp/ccGIzHNJ.o:(.data.rel+0x0): undefined reference to `BSDgettimeofday'
collect2: error: ld returned 1 exit status
configure:10761: $? = 1
configure: failed program was:
| #line 10699 "configure"
| /* confdefs.h.  */
| 
| #define PACKAGE_NAME ""
| #define PACKAGE_TARNAME ""
| #define PACKAGE_VERSION ""
| #define PACKAGE_STRING ""
| #define PACKAGE_BUGREPORT ""
| #define PACKAGE "fftw"
| #define VERSION "2.1.5"
| #define STDC_HEADERS 1
| #define HAVE_SYS_TYPES_H 1
| #define HAVE_SYS_STAT_H 1
| #define HAVE_STDLIB_H 1
| #define HAVE_STRING_H 1
| #define HAVE_MEMORY_H 1
| #define HAVE_STRINGS_H 1
| #define HAVE_INTTYPES_H 1
| #define HAVE_STDINT_H 1
| #define HAVE_UNISTD_H 1
| #define HAVE_DLFCN_H 1
| #define FFTW_VERSION "2.1.5"
| #define FFTW_GCC_ALIGNS_STACK 1
| #define HAVE_LIBM 1
| #define STDC_HEADERS 1
| #define HAVE_SYS_TIME_H 1
| #define HAVE_UNISTD_H 1
| #define HAVE_GETOPT_H 1
| #define HAVE_MALLOC_H 1
| #define TIME_WITH_SYS_TIME 1
| #define HAVE_ALLOCA_H 1
| #define HAVE_ALLOCA 1
| #define HAVE_GETTIMEOFDAY 1
| /* end confdefs.h.  */
| /* Define BSDgettimeofday to an innocuous variant, in case <limits.h> declares BSDgettimeofday.
|    For example, HP-UX 11i <limits.h> declares gettimeofday.  */
| #define BSDgettimeofday innocuous_BSDgettimeofday
| 
| /* System header to define __stub macros and hopefully few prototypes,
|     which can conflict with char BSDgettimeofday (); below.
|     Prefer <limits.h> to <assert.h> if __STDC__ is defined, since
|     <limits.h> exists even on freestanding compilers.  */
| 
| #ifdef __STDC__
| # include <limits.h>
| #else
| # include <assert.h>
| #endif
| 
| #undef BSDgettimeofday
| 
| /* Override any gcc2 internal prototype to avoid an error.  */
| #ifdef __cplusplus
| extern "C"
| {
| #endif
| /* We use char because int might match the return type of a gcc2
|    builtin and then its argument prototype would still apply.  */
| char BSDgettimeofday ();
| /* The GNU C library defines this for functions which it implements
|     to always fail with ENOSYS.  Some functions are actually named
|     something starting with __ and the normal name is an alias.  */
| #if defined (__stub_BSDgettimeofday) || defined (__stub___BSDgettimeofday)
| choke me
| #else
| char (*f) () = BSDgettimeofday;
| #endif
| #ifdef __cplusplus
| }
| #endif
| 
| #ifdef F77_DUMMY_MAIN
| #  ifdef __cplusplus
|      extern "C"
| #  endif
|    int F77_DUMMY_MAIN() { return 1; }
| #endif
| int
| main ()
| {
| return f != BSDgettimeofday;
|   ;
|   return 0;
| }
configure:10778: result: no
configure:10792: checking for gethrtime
configure:10856: cc -o conftest -O3 -fomit-frame-pointer -fno-schedule-insns -fschedule-insns2 -malign-double -fstrict-aliasing   conftest.c -lm  >&5
/usr/bin/ld: /tmp/cc8MFR8I.o: in function `main':
conftest.c:(.text.startup+0x3): undefined reference to `gethrtime'
/usr/bin/ld: /tmp/cc8MFR8I.o:(.data.rel+0x0): undefined reference to `gethrtime'
collect2: error: ld returned 1 exit status
configure:10859: $? = 1
configure: failed program was:
| #line 10797 "configure"
| /* confdefs.h.  */
| 
| #define PACKAGE_NAME ""
| #define PACKAGE_TARNAME ""
| #define PACKAGE_VERSION ""
| #define PACKAGE_STRING ""
| #define PACKAGE_BUGREPORT ""
| #define PACKAGE "fftw"
| #define VERSION "2.1.5"
| #define STDC_HEADERS 1
| #define HAVE_SYS_TYPES_H 1
| #define HAVE_SYS_STAT_H 1
| #define HAVE_STDLIB_H 1
| #define HAVE_STRING_H 1
| #define HAVE_MEMORY_H 1
| #define HAVE_STRINGS_H 1
| #define HAVE_INTTYPES_H 1
| #define HAVE_STDINT_H 1
| #define HAVE_UNISTD_H 1
| #define HAVE_DLFCN_H 1
| #define FFTW_VERSION "2.1.5"
| #define FFTW_GCC_ALIGNS_STACK 1
| #define HAVE_LIBM 1
| #define STDC_HEADERS 1
| #define HAVE_SYS_TIME_H 1
| #define HAVE_UNISTD_H 1
| #define HAVE_GETOPT_H 1
| #define HAVE_MALLOC_H 1
| #define TIME_WITH_SYS_TIME 1
| #define HAVE_ALLOCA_H 1
| #define HAVE_ALLOCA 1
| #define HAVE_GETTIMEOFDAY 1
| /* end confdefs.h.  */
| /* Define gethrtime to an innocuous variant, in case <limits.h> declares gethrtime.
|    For example, HP-UX 11i <limits.h> declares gettimeofday.  */
| #define gethrtime innocuous_gethrtime
| 
| /* System header to define __stub macros and hopefully few prototypes,
|     which can conflict with char gethrtime (); below.
|     Prefer <limits.h> to <assert.h> if __STDC__ is defined, since
|     <limits.h> exists even on freestanding compilers.  */
| 
| #ifdef __STDC__
| # include <limits.h>
| #else
| # include <assert.h>
| #endif
| 
| #undef gethrtime
| 
| /* Override any gcc2 internal prototype to avoid an error.  */
| #ifdef __cplusplus
| extern "C"
| {
| #endif
| /* We use char because int might match the return type of a gcc2
|    builtin and then its argument prototype would still apply.  */
| char gethrtime ();
| /* The GNU C library defines this for functions which it implements
|     to always fail with ENOSYS.  Some functions are actually named
|     something starting with __ and the normal name is an alias.  */
| #if defined (__stub_gethrtime) || defined (__stub___gethrtime)
| choke me
| #else
| char (*f) () = gethrtime;
| #endif
| #ifdef __cplusplus
| }
| #endif
| 
| #ifdef F77_DUMMY_MAIN
| #  ifdef __cplusplus
|      extern "C"
| #  endif
|    int F77_DUMMY_MAIN() { return 1; }
| #endif
| int
| main ()
| {
| return f != gethrtime;
|   ;
|   return 0;
| }
configure:10876: result: no
configure:10890: checking for getopt
configure:10954: cc -o conftest -O3 -fomit-frame-pointer -fno-schedule-insns -fschedule-insns2 -malign-double -fstrict-aliasing   conftest.c -lm  >&5
configure:10957: $? = 0
configure:10960: test -s conftest
configure:10963: $? = 0
configure:10974: result: yes
configure:10988: checking for getopt_long
configure:11052: cc -o conftest -O3 -fomit-frame-pointer -fno-schedule-insns -fschedule-insns2 -malign-double -fstrict-aliasing   conftest.c -lm  >&5
configure:11055: $? = 0
configure:11058: test -s conftest
configure:11061: $? = 0
configure:11072: result: yes
configure:11083: checking for isnan
configure:11109: cc -o conftest -O3 -fomit-frame-pointer -fno-schedule-insns -fschedule-insns2 -malign-double -fstrict-aliasing   conftest.c -lm  >&5
configure:11112: $? = 0
configure:11115: test -s conftest
configure:11118: $? = 0
configure:11134: result: yes
configure:11139: checking for hrtime_t
configure:11168: cc -o conftest -O3 -fomit-frame-pointer -fno-schedule-insns -fschedule-insns2 -malign-double -fstrict-aliasing   conftest.c -lm  >&5
configure: In function 'main':
configure:11191:1: error: unknown type name 'hrtime_t'; did you mean 'time_t'?
 echo $ECHO_N "checking for $ac_func... $ECHO_C" >&6
 ^~~~~~~~
 time_t
configure:11171: $? = 1
configure: failed program was:
| #line 11141 "configure"
| /* confdefs.h.  */
| 
| #define PACKAGE_NAME ""
| #define PACKAGE_TARNAME ""
| #define PACKAGE_VERSION ""
| #define PACKAGE_STRING ""
| #define PACKAGE_BUGREPORT ""
| #define PACKAGE "fftw"
| #define VERSION "2.1.5"
| #define STDC_HEADERS 1
| #define HAVE_SYS_TYPES_H 1
| #define HAVE_SYS_STAT_H 1
| #define HAVE_STDLIB_H 1
| #define HAVE_STRING_H 1
| #define HAVE_MEMORY_H 1
| #define HAVE_STRINGS_H 1
| #define HAVE_INTTYPES_H 1
| #define HAVE_STDINT_H 1
| #define HAVE_UNISTD_H 1
| #define HAVE_DLFCN_H 1
| #define FFTW_VERSION "2.1.5"
| #define FFTW_GCC_ALIGNS_STACK 1
| #define HAVE_LIBM 1
| #define STDC_HEADERS 1
| #define HAVE_SYS_TIME_H 1
| #define HAVE_UNISTD_H 1
| #define HAVE_GETOPT_H 1
| #define HAVE_MALLOC_H 1
| #define TIME_WITH_SYS_TIME 1
| #define HAVE_ALLOCA_H 1
| #define HAVE_ALLOCA 1
| #define HAVE_GETTIMEOFDAY 1
| #define HAVE_GETOPT 1
| #define HAVE_GETOPT_LONG 1
| #define HAVE_ISNAN 1
| /* end confdefs.h.  */
| 
| #ifdef HAVE_SYS_TIME_H
| #include <sys/time.h>
| #endif
| 
| #ifdef F77_DUMMY_MAIN
| #  ifdef __cplusplus
|      extern "C"
| #  endif
|    int F77_DUMMY_MAIN() { return 1; }
| #endif
| int
| main ()
| {
| hrtime_t foobar;
|   ;
|   return 0;
| }
configure:11193: result: no
configure:11196: checking for int
configure:11227: cc -c -O3 -fomit-frame-pointer -fno-schedule-insns -fschedule-insns2 -malign-double -fstrict-aliasing  conftest.c >&5
configure:11230: $? = 0
configure:11233: test -s conftest.o
configure:11236: $? = 0
configure:11247: result: yes
configure:11250: checking size of int
configure:11561: cc -o conftest -O3 -fomit-frame-pointer -fno-schedule-insns -fschedule-insns2 -malign-double -fstrict-aliasing   conftest.c -lm  >&5
configure:11564: $? = 0
configure:11566: ./conftest
configure:11569: $? = 0
configure:11592: result: 4
configure:11599: checking for long long
configure:11630: cc -c -O3 -fomit-frame-pointer -fno-schedule-insns -fschedule-insns2 -malign-double -fstrict-aliasing  conftest.c >&5
configure:11633: $? = 0
configure:11636: test -s conftest.o
configure:11639: $? = 0
configure:11650: result: yes
configure:11653: checking size of long long
configure:11964: cc -o conftest -O3 -fomit-frame-pointer -fno-schedule-insns -fschedule-insns2 -malign-double -fstrict-aliasing   conftest.c -lm  >&5
configure:11967: $? = 0
configure:11969: ./conftest
configure:11972: $? = 0
configure:11995: result: 8
configure:12020: checking whether cc accepts "-fkeep-programmers-inline"
configure:12034: result: no
configure:12046: checking whether cc accepts "-vomit-frame-pointer"
configure:12060: result: no
configure:14168: creating ./config.status

## ---------------------- ##
## Running config.status. ##
## ---------------------- ##

This file was extended by config.status, which was
generated by GNU Autoconf 2.57.  Invocation command line was

  CONFIG_FILES    = 
  CONFIG_HEADERS  = 
  CONFIG_LINKS    = 
  CONFIG_COMMANDS = 
  $ ./config.status 

on antergospc

config.status:681: creating fftw/Makefile
config.status:681: creating tests/Makefile
config.status:681: creating rfftw/Makefile
config.status:681: creating doc/Makefile
config.status:681: creating Makefile
config.status:681: creating threads/Makefile
config.status:681: creating mpi/Makefile
config.status:681: creating fftw.spec
config.status:785: creating fftw/config.h
config.status:926: fftw/config.h is unchanged
config.status:785: creating fftw/fftw.h
config.status:926: fftw/fftw.h is unchanged
config.status:1048: executing depfiles commands

## ---------------- ##
## Cache variables. ##
## ---------------- ##

ac_cv_build=x86_64-unknown-linux-gnu
ac_cv_build_alias=x86_64-unknown-linux-gnu
ac_cv_c_compiler_gnu=yes
ac_cv_c_const=yes
ac_cv_env_CC_set=
ac_cv_env_CC_value=
ac_cv_env_CFLAGS_set=
ac_cv_env_CFLAGS_value=
ac_cv_env_CPPFLAGS_set=
ac_cv_env_CPPFLAGS_value=
ac_cv_env_CPP_set=
ac_cv_env_CPP_value=
ac_cv_env_F77_set=
ac_cv_env_F77_value=
ac_cv_env_FFLAGS_set=
ac_cv_env_FFLAGS_value=
ac_cv_env_LDFLAGS_set=
ac_cv_env_LDFLAGS_value=
ac_cv_env_build_alias_set=
ac_cv_env_build_alias_value=
ac_cv_env_host_alias_set=
ac_cv_env_host_alias_value=
ac_cv_env_target_alias_set=
ac_cv_env_target_alias_value=
ac_cv_exeext=
ac_cv_f77_compiler_gnu=no
ac_cv_f77_dummy_main=none
ac_cv_flibs=
ac_cv_func_BSDgettimeofday=no
ac_cv_func_alloca_works=yes
ac_cv_func_gethrtime=no
ac_cv_func_getopt=yes
ac_cv_func_getopt_long=yes
ac_cv_func_gettimeofday=yes
ac_cv_header_dlfcn_h=yes
ac_cv_header_getopt_h=yes
ac_cv_header_inttypes_h=yes
ac_cv_header_malloc_h=yes
ac_cv_header_memory_h=yes
ac_cv_header_stdc=yes
ac_cv_header_stdint_h=yes
ac_cv_header_stdlib_h=yes
ac_cv_header_string_h=yes
ac_cv_header_strings_h=yes
ac_cv_header_sys_stat_h=yes
ac_cv_header_sys_time_h=yes
ac_cv_header_sys_types_h=yes
ac_cv_header_time=yes
ac_cv_header_unistd_h=yes
ac_cv_host=x86_64-unknown-linux-gnu
ac_cv_host_alias=x86_64-unknown-linux-gnu
ac_cv_lib_m_sqrt=yes
ac_cv_objext=o
ac_cv_path_install='/usr/bin/install -c'
ac_cv_prog_AWK=gawk
ac_cv_prog_CC=cc
ac_cv_prog_CPP='cc -E'
ac_cv_prog_PERL=perl
ac_cv_prog_ac_ct_RANLIB=ranlib
ac_cv_prog_ac_ct_STRIP=strip
ac_cv_prog_cc_g=yes
ac_cv_prog_cc_stdc=
ac_cv_prog_egrep='grep -E'
ac_cv_prog_f77_g=no
ac_cv_prog_gcc_2_90=yes
ac_cv_prog_make_make_set=yes
ac_cv_sizeof_int=4
ac_cv_sizeof_long_long=8
ac_cv_type_int=yes
ac_cv_type_long_long=yes
ac_cv_type_size_t=yes
ac_cv_working_alloca_h=yes
am_cv_CC_dependencies_compiler_type=gcc3
lt_cv_compiler_c_o=yes
lt_cv_compiler_o_lo=yes
lt_cv_deplibs_check_method='file_magic ELF [0-9][0-9]*-bit [LM]SB (shared object|dynamic lib )'
lt_cv_file_magic_cmd='$MAGIC_CMD'
lt_cv_file_magic_test_file='/lib/libc.so /lib/libc.so.6 /lib/libc-2.28.so'
lt_cv_global_symbol_to_c_name_address='sed -n -e '\''s/^: \([^ ]*\) $/  {\"\1\", (lt_ptr) 0},/p'\'' -e '\''s/^[BCDEGRST] \([^ ]*\) \([^ ]*\)$/  {"\2", (lt_ptr) \&\2},/p'\'''
lt_cv_global_symbol_to_cdecl='sed -n -e '\''s/^. .* \(.*\)$/extern char \1;/p'\'''
lt_cv_ld_reload_flag=-r
lt_cv_path_LD=/usr/bin/ld
lt_cv_path_MAGIC_CMD=/usr/bin/file
lt_cv_path_NM='/usr/bin/nm -B'
lt_cv_path_SED=/usr/bin/sed
lt_cv_prog_cc_can_build_shared=yes
lt_cv_prog_cc_no_builtin=
lt_cv_prog_cc_pic=' -fPIC'
lt_cv_prog_cc_pic_works=yes
lt_cv_prog_cc_shlib=
lt_cv_prog_cc_static=-static
lt_cv_prog_cc_static_works=yes
lt_cv_prog_cc_wl=-Wl,
lt_cv_prog_gnu_ld=yes
lt_cv_sys_global_symbol_pipe='sed -n -e '\''s/^.*[ 	]\([ABCDGISTW][ABCDGISTW]*\)[ 	][ 	]*\(\)\([_A-Za-z][_A-Za-z0-9]*\)$/\1 \2\3 \3/p'\'''

## ----------------- ##
## Output variables. ##
## ----------------- ##

ACLOCAL='${SHELL} /home/jos/git/compvis/fftw-2.1.5/sourceAndDoc/missing --run aclocal-1.7'
ALLOCA=''
AMDEPBACKSLASH='\'
AMDEP_FALSE='#'
AMDEP_TRUE=''
AMTAR='${SHELL} /home/jos/git/compvis/fftw-2.1.5/sourceAndDoc/missing --run tar'
AUTOCONF='${SHELL} /home/jos/git/compvis/fftw-2.1.5/sourceAndDoc/missing --run autoconf'
AUTOHEADER='${SHELL} /home/jos/git/compvis/fftw-2.1.5/sourceAndDoc/missing --run autoheader'
AUTOMAKE='${SHELL} /home/jos/git/compvis/fftw-2.1.5/sourceAndDoc/missing --run automake-1.7'
AWK='gawk'
CC='cc'
CCDEPMODE='depmode=gcc3'
CFLAGS='-O3 -fomit-frame-pointer -fno-schedule-insns -fschedule-insns2 -malign-double -fstrict-aliasing'
CPP='cc -E'
CPPFLAGS=''
CYGPATH_W='echo'
DEFS='-DHAVE_CONFIG_H'
DEPDIR='.deps'
ECHO='echo'
ECHO_C=''
ECHO_N='-n'
ECHO_T=''
EGREP='grep -E'
EXEEXT=''
F77=''
FFLAGS=''
FFTW_MPI_INCLUDELIST=''
FFTW_MPI_LIBLIST=''
FFTW_MPI_PROGLIST=''
FFTW_PREFIX1='xyz'
FFTW_PREFIX=''
FFTW_THREADS_INCLUDELIST=''
FFTW_THREADS_LIBLIST=''
FFTW_THREADS_PROGLIST=''
FLIBS=''
INSTALL_DATA='${INSTALL} -m 644'
INSTALL_PROGRAM='${INSTALL}'
INSTALL_SCRIPT='${INSTALL}'
INSTALL_STRIP_PROGRAM='${SHELL} $(install_sh) -c -s'
LDFLAGS=''
LIBOBJS=''
LIBS='-lm '
LIBTOOL='$(SHELL) $(top_builddir)/libtool'
LN_S='ln -s'
LTLIBOBJS=''
MAKEINFO='${SHELL} /home/jos/git/compvis/fftw-2.1.5/sourceAndDoc/missing --run makeinfo'
MPICC='cc'
MPILIBS=''
OBJEXT='o'
PACKAGE='fftw'
PACKAGE_BUGREPORT=''
PACKAGE_NAME=''
PACKAGE_STRING=''
PACKAGE_TARNAME=''
PACKAGE_VERSION=''
PATH_SEPARATOR=':'
PERL='perl'
PTHREAD_CC=''
PTHREAD_CFLAGS=''
PTHREAD_LIBS=''
RANLIB='ranlib'
SET_MAKE=''
SHARED_VERSION='2.0.7'
SHARED_VERSION_INFO='2:7:0'
SHELL='/bin/sh'
STRIP='strip'
THREADLIBS=''
VERSION='2.1.5'
ac_ct_CC=''
ac_ct_F77=''
ac_ct_RANLIB='ranlib'
ac_ct_STRIP='strip'
am__fastdepCC_FALSE='#'
am__fastdepCC_TRUE=''
am__include='include'
am__leading_dot='.'
am__quote=''
bindir='${exec_prefix}/bin'
build='x86_64-unknown-linux-gnu'
build_alias=''
build_cpu='x86_64'
build_os='linux-gnu'
build_vendor='unknown'
datadir='${prefix}/share'
exec_prefix='${prefix}'
host='x86_64-unknown-linux-gnu'
host_alias=''
host_cpu='x86_64'
host_os='linux-gnu'
host_vendor='unknown'
includedir='${prefix}/include'
infodir='${prefix}/info'
install_sh='/home/jos/git/compvis/fftw-2.1.5/sourceAndDoc/install-sh'
libdir='${exec_prefix}/lib'
libexecdir='${exec_prefix}/libexec'
localstatedir='${prefix}/var'
mandir='${prefix}/man'
oldincludedir='/usr/include'
prefix='/home/jos/test'
program_transform_name='s,x,x,'
sbindir='${exec_prefix}/sbin'
sharedstatedir='${prefix}/com'
sysconfdir='${prefix}/etc'
target_alias=''

## ----------- ##
## confdefs.h. ##
## ----------- ##

#define FFTW_GCC_ALIGNS_STACK 1
#define FFTW_VERSION "2.1.5"
#define HAVE_ALLOCA 1
#define HAVE_ALLOCA_H 1
#define HAVE_DLFCN_H 1
#define HAVE_GETOPT 1
#define HAVE_GETOPT_H 1
#define HAVE_GETOPT_LONG 1
#define HAVE_GETTIMEOFDAY 1
#define HAVE_INTTYPES_H 1
#define HAVE_ISNAN 1
#define HAVE_LIBM 1
#define HAVE_MALLOC_H 1
#define HAVE_MEMORY_H 1
#define HAVE_STDINT_H 1
#define HAVE_STDLIB_H 1
#define HAVE_STRINGS_H 1
#define HAVE_STRING_H 1
#define HAVE_SYS_STAT_H 1
#define HAVE_SYS_TIME_H 1
#define HAVE_SYS_TYPES_H 1
#define HAVE_UNISTD_H 1
#define HAVE_UNISTD_H 1
#define PACKAGE "fftw"
#define PACKAGE_BUGREPORT ""
#define PACKAGE_NAME ""
#define PACKAGE_STRING ""
#define PACKAGE_TARNAME ""
#define PACKAGE_VERSION ""
#define SIZEOF_INT 4
#define SIZEOF_LONG_LONG 8
#define STDC_HEADERS 1
#define STDC_HEADERS 1
#define TIME_WITH_SYS_TIME 1
#define VERSION "2.1.5"

configure: exit 0
